The system is: Darwin - 18.7.0 - x86_64
Compiling the C compiler identification source file "CMakeCCompilerId.c" succeeded.
Compiler: /usr/local/opt/llvm/bin/clang 
Build flags: 
Id flags:  

The output was:
0


Compilation of the C compiler identification source "CMakeCCompilerId.c" produced "a.out"

The C compiler identification is Clang, found in "/Users/isururanawaka/Documents/SpMM_comparision/build/CMakeFiles/3.23.1/CompilerIdC/a.out"

Compiling the CXX compiler identification source file "CMakeCXXCompilerId.cpp" succeeded.
Compiler: /usr/local/opt/llvm/bin/clang++ 
Build flags: -I/usr/local/opt/llvm/include;-fopenmp
Id flags: -c 

The output was:
0


Compilation of the CXX compiler identification source "CMakeCXXCompilerId.cpp" produced "CMakeCXXCompilerId.o"

The CXX compiler identification is Clang, found in "/Users/isururanawaka/Documents/SpMM_comparision/build/CMakeFiles/3.23.1/CompilerIdCXX/CMakeCXXCompilerId.o"

Detecting C compiler ABI info compiled with the following output:
Change Dir: /Users/isururanawaka/Documents/SpMM_comparision/build/CMakeFiles/CMakeTmp

Run Build Command(s):/usr/bin/make -f Makefile cmTC_fbb1e/fast && /Library/Developer/CommandLineTools/usr/bin/make  -f CMakeFiles/cmTC_fbb1e.dir/build.make CMakeFiles/cmTC_fbb1e.dir/build
Building C object CMakeFiles/cmTC_fbb1e.dir/CMakeCCompilerABI.c.o
/usr/local/opt/llvm/bin/clang   -isysroot /Library/Developer/CommandLineTools/SDKs/MacOSX10.14.sdk   -v -Wl,-v -MD -MT CMakeFiles/cmTC_fbb1e.dir/CMakeCCompilerABI.c.o -MF CMakeFiles/cmTC_fbb1e.dir/CMakeCCompilerABI.c.o.d -o CMakeFiles/cmTC_fbb1e.dir/CMakeCCompilerABI.c.o -c /usr/local/Cellar/cmake/3.23.1_1/share/cmake/Modules/CMakeCCompilerABI.c
Homebrew clang version 13.0.1
Target: x86_64-apple-darwin18.7.0
Thread model: posix
InstalledDir: /usr/local/opt/llvm/bin
clang-13: warning: -Wl,-v: 'linker' input unused [-Wunused-command-line-argument]
 (in-process)
 "/usr/local/Cellar/llvm/13.0.1_1/bin/clang-13" -cc1 -triple x86_64-apple-macosx10.14.0 -Wundef-prefix=TARGET_OS_ -Werror=undef-prefix -Wdeprecated-objc-isa-usage -Werror=deprecated-objc-isa-usage -emit-obj -mrelax-all --mrelax-relocations -disable-free -disable-llvm-verifier -discard-value-names -main-file-name CMakeCCompilerABI.c -mrelocation-model pic -pic-level 2 -mframe-pointer=all -fno-rounding-math -munwind-tables -target-sdk-version=10.14 -fcompatibility-qualified-id-block-type-checking -fvisibility-inlines-hidden-static-local-var -target-cpu penryn -tune-cpu generic -debugger-tuning=lldb -target-linker-version 450.3 -v -fcoverage-compilation-dir=/Users/isururanawaka/Documents/SpMM_comparision/build/CMakeFiles/CMakeTmp -resource-dir /usr/local/Cellar/llvm/13.0.1_1/lib/clang/13.0.1 -dependency-file CMakeFiles/cmTC_fbb1e.dir/CMakeCCompilerABI.c.o.d -MT CMakeFiles/cmTC_fbb1e.dir/CMakeCCompilerABI.c.o -sys-header-deps -isysroot /Library/Developer/CommandLineTools/SDKs/MacOSX10.14.sdk -internal-isystem /Library/Developer/CommandLineTools/SDKs/MacOSX10.14.sdk/usr/local/include -internal-isystem /usr/local/Cellar/llvm/13.0.1_1/lib/clang/13.0.1/include -internal-externc-isystem /Library/Developer/CommandLineTools/SDKs/MacOSX10.14.sdk/usr/include -fdebug-compilation-dir=/Users/isururanawaka/Documents/SpMM_comparision/build/CMakeFiles/CMakeTmp -ferror-limit 19 -stack-protector 1 -fblocks -fencode-extended-block-signature -fregister-global-dtors-with-atexit -fgnuc-version=4.2.1 -fmax-type-align=16 -D__GCC_HAVE_DWARF2_CFI_ASM=1 -o CMakeFiles/cmTC_fbb1e.dir/CMakeCCompilerABI.c.o -x c /usr/local/Cellar/cmake/3.23.1_1/share/cmake/Modules/CMakeCCompilerABI.c
clang -cc1 version 13.0.1 based upon LLVM 13.0.1 default target x86_64-apple-darwin18.7.0
ignoring nonexistent directory "/Library/Developer/CommandLineTools/SDKs/MacOSX10.14.sdk/usr/local/include"
ignoring nonexistent directory "/Library/Developer/CommandLineTools/SDKs/MacOSX10.14.sdk/Library/Frameworks"
#include "..." search starts here:
#include <...> search starts here:
 /usr/local/Cellar/llvm/13.0.1_1/lib/clang/13.0.1/include
 /Library/Developer/CommandLineTools/SDKs/MacOSX10.14.sdk/usr/include
 /Library/Developer/CommandLineTools/SDKs/MacOSX10.14.sdk/System/Library/Frameworks (framework directory)
End of search list.
Linking C executable cmTC_fbb1e
/usr/local/Cellar/cmake/3.23.1_1/bin/cmake -E cmake_link_script CMakeFiles/cmTC_fbb1e.dir/link.txt --verbose=1
/usr/local/opt/llvm/bin/clang  -isysroot /Library/Developer/CommandLineTools/SDKs/MacOSX10.14.sdk -Wl,-search_paths_first -Wl,-headerpad_max_install_names -L/usr/local/opt/llvm/lib -v -Wl,-v CMakeFiles/cmTC_fbb1e.dir/CMakeCCompilerABI.c.o -o cmTC_fbb1e 
Homebrew clang version 13.0.1
Target: x86_64-apple-darwin18.7.0
Thread model: posix
InstalledDir: /usr/local/opt/llvm/bin
 "/usr/bin/ld" -demangle -lto_library /usr/local/Cellar/llvm/13.0.1_1/lib/libLTO.dylib -dynamic -arch x86_64 -macosx_version_min 10.14.0 -syslibroot /Library/Developer/CommandLineTools/SDKs/MacOSX10.14.sdk -o cmTC_fbb1e -L/usr/local/opt/llvm/lib -search_paths_first -headerpad_max_install_names -v CMakeFiles/cmTC_fbb1e.dir/CMakeCCompilerABI.c.o -lSystem /usr/local/Cellar/llvm/13.0.1_1/lib/clang/13.0.1/lib/darwin/libclang_rt.osx.a
@(#)PROGRAM:ld  PROJECT:ld64-450.3
BUILD 18:16:53 Apr  5 2019
configured to support archs: armv6 armv7 armv7s arm64 arm64e arm64_32 i386 x86_64 x86_64h armv6m armv7k armv7m armv7em
Library search paths:
	/usr/local/opt/llvm/lib
	/Library/Developer/CommandLineTools/SDKs/MacOSX10.14.sdk/usr/lib
Framework search paths:
	/Library/Developer/CommandLineTools/SDKs/MacOSX10.14.sdk/System/Library/Frameworks/



Parsed C implicit include dir info from above output: rv=done
  found start of include info
  found start of implicit include info
    add: [/usr/local/Cellar/llvm/13.0.1_1/lib/clang/13.0.1/include]
    add: [/Library/Developer/CommandLineTools/SDKs/MacOSX10.14.sdk/usr/include]
  end of search list found
  collapse include dir [/usr/local/Cellar/llvm/13.0.1_1/lib/clang/13.0.1/include] ==> [/usr/local/Cellar/llvm/13.0.1_1/lib/clang/13.0.1/include]
  collapse include dir [/Library/Developer/CommandLineTools/SDKs/MacOSX10.14.sdk/usr/include] ==> [/Library/Developer/CommandLineTools/SDKs/MacOSX10.14.sdk/usr/include]
  implicit include dirs: [/usr/local/Cellar/llvm/13.0.1_1/lib/clang/13.0.1/include;/Library/Developer/CommandLineTools/SDKs/MacOSX10.14.sdk/usr/include]


Parsed C implicit link information from above output:
  link line regex: [^( *|.*[/\])(ld\.lld|CMAKE_LINK_STARTFILE-NOTFOUND|([^/\]+-)?ld|collect2)[^/\]*( |$)]
  ignore line: [Change Dir: /Users/isururanawaka/Documents/SpMM_comparision/build/CMakeFiles/CMakeTmp]
  ignore line: []
  ignore line: [Run Build Command(s):/usr/bin/make -f Makefile cmTC_fbb1e/fast && /Library/Developer/CommandLineTools/usr/bin/make  -f CMakeFiles/cmTC_fbb1e.dir/build.make CMakeFiles/cmTC_fbb1e.dir/build]
  ignore line: [Building C object CMakeFiles/cmTC_fbb1e.dir/CMakeCCompilerABI.c.o]
  ignore line: [/usr/local/opt/llvm/bin/clang   -isysroot /Library/Developer/CommandLineTools/SDKs/MacOSX10.14.sdk   -v -Wl -v -MD -MT CMakeFiles/cmTC_fbb1e.dir/CMakeCCompilerABI.c.o -MF CMakeFiles/cmTC_fbb1e.dir/CMakeCCompilerABI.c.o.d -o CMakeFiles/cmTC_fbb1e.dir/CMakeCCompilerABI.c.o -c /usr/local/Cellar/cmake/3.23.1_1/share/cmake/Modules/CMakeCCompilerABI.c]
  ignore line: [Homebrew clang version 13.0.1]
  ignore line: [Target: x86_64-apple-darwin18.7.0]
  ignore line: [Thread model: posix]
  ignore line: [InstalledDir: /usr/local/opt/llvm/bin]
  ignore line: [clang-13: warning: -Wl -v: 'linker' input unused [-Wunused-command-line-argument]]
  ignore line: [ (in-process)]
  ignore line: [ "/usr/local/Cellar/llvm/13.0.1_1/bin/clang-13" -cc1 -triple x86_64-apple-macosx10.14.0 -Wundef-prefix=TARGET_OS_ -Werror=undef-prefix -Wdeprecated-objc-isa-usage -Werror=deprecated-objc-isa-usage -emit-obj -mrelax-all --mrelax-relocations -disable-free -disable-llvm-verifier -discard-value-names -main-file-name CMakeCCompilerABI.c -mrelocation-model pic -pic-level 2 -mframe-pointer=all -fno-rounding-math -munwind-tables -target-sdk-version=10.14 -fcompatibility-qualified-id-block-type-checking -fvisibility-inlines-hidden-static-local-var -target-cpu penryn -tune-cpu generic -debugger-tuning=lldb -target-linker-version 450.3 -v -fcoverage-compilation-dir=/Users/isururanawaka/Documents/SpMM_comparision/build/CMakeFiles/CMakeTmp -resource-dir /usr/local/Cellar/llvm/13.0.1_1/lib/clang/13.0.1 -dependency-file CMakeFiles/cmTC_fbb1e.dir/CMakeCCompilerABI.c.o.d -MT CMakeFiles/cmTC_fbb1e.dir/CMakeCCompilerABI.c.o -sys-header-deps -isysroot /Library/Developer/CommandLineTools/SDKs/MacOSX10.14.sdk -internal-isystem /Library/Developer/CommandLineTools/SDKs/MacOSX10.14.sdk/usr/local/include -internal-isystem /usr/local/Cellar/llvm/13.0.1_1/lib/clang/13.0.1/include -internal-externc-isystem /Library/Developer/CommandLineTools/SDKs/MacOSX10.14.sdk/usr/include -fdebug-compilation-dir=/Users/isururanawaka/Documents/SpMM_comparision/build/CMakeFiles/CMakeTmp -ferror-limit 19 -stack-protector 1 -fblocks -fencode-extended-block-signature -fregister-global-dtors-with-atexit -fgnuc-version=4.2.1 -fmax-type-align=16 -D__GCC_HAVE_DWARF2_CFI_ASM=1 -o CMakeFiles/cmTC_fbb1e.dir/CMakeCCompilerABI.c.o -x c /usr/local/Cellar/cmake/3.23.1_1/share/cmake/Modules/CMakeCCompilerABI.c]
  ignore line: [clang -cc1 version 13.0.1 based upon LLVM 13.0.1 default target x86_64-apple-darwin18.7.0]
  ignore line: [ignoring nonexistent directory "/Library/Developer/CommandLineTools/SDKs/MacOSX10.14.sdk/usr/local/include"]
  ignore line: [ignoring nonexistent directory "/Library/Developer/CommandLineTools/SDKs/MacOSX10.14.sdk/Library/Frameworks"]
  ignore line: [#include "..." search starts here:]
  ignore line: [#include <...> search starts here:]
  ignore line: [ /usr/local/Cellar/llvm/13.0.1_1/lib/clang/13.0.1/include]
  ignore line: [ /Library/Developer/CommandLineTools/SDKs/MacOSX10.14.sdk/usr/include]
  ignore line: [ /Library/Developer/CommandLineTools/SDKs/MacOSX10.14.sdk/System/Library/Frameworks (framework directory)]
  ignore line: [End of search list.]
  ignore line: [Linking C executable cmTC_fbb1e]
  ignore line: [/usr/local/Cellar/cmake/3.23.1_1/bin/cmake -E cmake_link_script CMakeFiles/cmTC_fbb1e.dir/link.txt --verbose=1]
  ignore line: [/usr/local/opt/llvm/bin/clang  -isysroot /Library/Developer/CommandLineTools/SDKs/MacOSX10.14.sdk -Wl -search_paths_first -Wl -headerpad_max_install_names -L/usr/local/opt/llvm/lib -v -Wl -v CMakeFiles/cmTC_fbb1e.dir/CMakeCCompilerABI.c.o -o cmTC_fbb1e ]
  ignore line: [Homebrew clang version 13.0.1]
  ignore line: [Target: x86_64-apple-darwin18.7.0]
  ignore line: [Thread model: posix]
  ignore line: [InstalledDir: /usr/local/opt/llvm/bin]
  link line: [ "/usr/bin/ld" -demangle -lto_library /usr/local/Cellar/llvm/13.0.1_1/lib/libLTO.dylib -dynamic -arch x86_64 -macosx_version_min 10.14.0 -syslibroot /Library/Developer/CommandLineTools/SDKs/MacOSX10.14.sdk -o cmTC_fbb1e -L/usr/local/opt/llvm/lib -search_paths_first -headerpad_max_install_names -v CMakeFiles/cmTC_fbb1e.dir/CMakeCCompilerABI.c.o -lSystem /usr/local/Cellar/llvm/13.0.1_1/lib/clang/13.0.1/lib/darwin/libclang_rt.osx.a]
    arg [/usr/bin/ld] ==> ignore
    arg [-demangle] ==> ignore
    arg [-lto_library] ==> ignore, skip following value
    arg [/usr/local/Cellar/llvm/13.0.1_1/lib/libLTO.dylib] ==> skip value of -lto_library
    arg [-dynamic] ==> ignore
    arg [-arch] ==> ignore
    arg [x86_64] ==> ignore
    arg [-macosx_version_min] ==> ignore
    arg [10.14.0] ==> ignore
    arg [-syslibroot] ==> ignore
    arg [/Library/Developer/CommandLineTools/SDKs/MacOSX10.14.sdk] ==> ignore
    arg [-o] ==> ignore
    arg [cmTC_fbb1e] ==> ignore
    arg [-L/usr/local/opt/llvm/lib] ==> dir [/usr/local/opt/llvm/lib]
    arg [-search_paths_first] ==> ignore
    arg [-headerpad_max_install_names] ==> ignore
    arg [-v] ==> ignore
    arg [CMakeFiles/cmTC_fbb1e.dir/CMakeCCompilerABI.c.o] ==> ignore
    arg [-lSystem] ==> lib [System]
    arg [/usr/local/Cellar/llvm/13.0.1_1/lib/clang/13.0.1/lib/darwin/libclang_rt.osx.a] ==> lib [/usr/local/Cellar/llvm/13.0.1_1/lib/clang/13.0.1/lib/darwin/libclang_rt.osx.a]
  Library search paths: [;/usr/local/opt/llvm/lib;/Library/Developer/CommandLineTools/SDKs/MacOSX10.14.sdk/usr/lib]
  Framework search paths: [;/Library/Developer/CommandLineTools/SDKs/MacOSX10.14.sdk/System/Library/Frameworks/]
  remove lib [System]
  remove lib [/usr/local/Cellar/llvm/13.0.1_1/lib/clang/13.0.1/lib/darwin/libclang_rt.osx.a]
  collapse library dir [/usr/local/opt/llvm/lib] ==> [/usr/local/opt/llvm/lib]
  collapse library dir [/usr/local/opt/llvm/lib] ==> [/usr/local/opt/llvm/lib]
  collapse library dir [/Library/Developer/CommandLineTools/SDKs/MacOSX10.14.sdk/usr/lib] ==> [/Library/Developer/CommandLineTools/SDKs/MacOSX10.14.sdk/usr/lib]
  collapse framework dir [/Library/Developer/CommandLineTools/SDKs/MacOSX10.14.sdk/System/Library/Frameworks/] ==> [/Library/Developer/CommandLineTools/SDKs/MacOSX10.14.sdk/System/Library/Frameworks]
  implicit libs: []
  implicit objs: []
  implicit dirs: [/usr/local/opt/llvm/lib;/Library/Developer/CommandLineTools/SDKs/MacOSX10.14.sdk/usr/lib]
  implicit fwks: [/Library/Developer/CommandLineTools/SDKs/MacOSX10.14.sdk/System/Library/Frameworks]


Detecting CXX compiler ABI info compiled with the following output:
Change Dir: /Users/isururanawaka/Documents/SpMM_comparision/build/CMakeFiles/CMakeTmp

Run Build Command(s):/usr/bin/make -f Makefile cmTC_70948/fast && /Library/Developer/CommandLineTools/usr/bin/make  -f CMakeFiles/cmTC_70948.dir/build.make CMakeFiles/cmTC_70948.dir/build
Building CXX object CMakeFiles/cmTC_70948.dir/CMakeCXXCompilerABI.cpp.o
/usr/local/opt/llvm/bin/clang++   -I/usr/local/opt/llvm/include -fopenmp  -isysroot /Library/Developer/CommandLineTools/SDKs/MacOSX10.14.sdk   -v -Wl,-v -MD -MT CMakeFiles/cmTC_70948.dir/CMakeCXXCompilerABI.cpp.o -MF CMakeFiles/cmTC_70948.dir/CMakeCXXCompilerABI.cpp.o.d -o CMakeFiles/cmTC_70948.dir/CMakeCXXCompilerABI.cpp.o -c /usr/local/Cellar/cmake/3.23.1_1/share/cmake/Modules/CMakeCXXCompilerABI.cpp
Homebrew clang version 13.0.1
Target: x86_64-apple-darwin18.7.0
Thread model: posix
InstalledDir: /usr/local/opt/llvm/bin
clang-13: warning: -Wl,-v: 'linker' input unused [-Wunused-command-line-argument]
 (in-process)
 "/usr/local/Cellar/llvm/13.0.1_1/bin/clang-13" -cc1 -triple x86_64-apple-macosx10.14.0 -Wundef-prefix=TARGET_OS_ -Werror=undef-prefix -Wdeprecated-objc-isa-usage -Werror=deprecated-objc-isa-usage -emit-obj -mrelax-all --mrelax-relocations -disable-free -disable-llvm-verifier -discard-value-names -main-file-name CMakeCXXCompilerABI.cpp -mrelocation-model pic -pic-level 2 -mframe-pointer=all -fno-rounding-math -munwind-tables -target-sdk-version=10.14 -fcompatibility-qualified-id-block-type-checking -fvisibility-inlines-hidden-static-local-var -target-cpu penryn -tune-cpu generic -debugger-tuning=lldb -target-linker-version 450.3 -v -fcoverage-compilation-dir=/Users/isururanawaka/Documents/SpMM_comparision/build/CMakeFiles/CMakeTmp -resource-dir /usr/local/Cellar/llvm/13.0.1_1/lib/clang/13.0.1 -dependency-file CMakeFiles/cmTC_70948.dir/CMakeCXXCompilerABI.cpp.o.d -MT CMakeFiles/cmTC_70948.dir/CMakeCXXCompilerABI.cpp.o -sys-header-deps -isysroot /Library/Developer/CommandLineTools/SDKs/MacOSX10.14.sdk -I /usr/local/opt/llvm/include -stdlib=libc++ -internal-isystem /usr/local/opt/llvm/bin/../include/c++/v1 -internal-isystem /Library/Developer/CommandLineTools/SDKs/MacOSX10.14.sdk/usr/local/include -internal-isystem /usr/local/Cellar/llvm/13.0.1_1/lib/clang/13.0.1/include -internal-externc-isystem /Library/Developer/CommandLineTools/SDKs/MacOSX10.14.sdk/usr/include -fdeprecated-macro -fdebug-compilation-dir=/Users/isururanawaka/Documents/SpMM_comparision/build/CMakeFiles/CMakeTmp -ferror-limit 19 -fopenmp -stack-protector 1 -fblocks -fencode-extended-block-signature -fregister-global-dtors-with-atexit -fgnuc-version=4.2.1 -fcxx-exceptions -fexceptions -fmax-type-align=16 -D__GCC_HAVE_DWARF2_CFI_ASM=1 -o CMakeFiles/cmTC_70948.dir/CMakeCXXCompilerABI.cpp.o -x c++ /usr/local/Cellar/cmake/3.23.1_1/share/cmake/Modules/CMakeCXXCompilerABI.cpp
clang -cc1 version 13.0.1 based upon LLVM 13.0.1 default target x86_64-apple-darwin18.7.0
ignoring nonexistent directory "/Library/Developer/CommandLineTools/SDKs/MacOSX10.14.sdk/usr/local/include"
ignoring nonexistent directory "/Library/Developer/CommandLineTools/SDKs/MacOSX10.14.sdk/Library/Frameworks"
#include "..." search starts here:
#include <...> search starts here:
 /usr/local/opt/llvm/include
 /usr/local/opt/llvm/bin/../include/c++/v1
 /usr/local/Cellar/llvm/13.0.1_1/lib/clang/13.0.1/include
 /Library/Developer/CommandLineTools/SDKs/MacOSX10.14.sdk/usr/include
 /Library/Developer/CommandLineTools/SDKs/MacOSX10.14.sdk/System/Library/Frameworks (framework directory)
End of search list.
Linking CXX executable cmTC_70948
/usr/local/Cellar/cmake/3.23.1_1/bin/cmake -E cmake_link_script CMakeFiles/cmTC_70948.dir/link.txt --verbose=1
/usr/local/opt/llvm/bin/clang++ -I/usr/local/opt/llvm/include -fopenmp  -isysroot /Library/Developer/CommandLineTools/SDKs/MacOSX10.14.sdk -Wl,-search_paths_first -Wl,-headerpad_max_install_names -L/usr/local/opt/llvm/lib -v -Wl,-v CMakeFiles/cmTC_70948.dir/CMakeCXXCompilerABI.cpp.o -o cmTC_70948 
Homebrew clang version 13.0.1
Target: x86_64-apple-darwin18.7.0
Thread model: posix
InstalledDir: /usr/local/opt/llvm/bin
 "/usr/bin/ld" -demangle -lto_library /usr/local/Cellar/llvm/13.0.1_1/lib/libLTO.dylib -dynamic -arch x86_64 -macosx_version_min 10.14.0 -syslibroot /Library/Developer/CommandLineTools/SDKs/MacOSX10.14.sdk -o cmTC_70948 -L/usr/local/opt/llvm/lib -search_paths_first -headerpad_max_install_names -v CMakeFiles/cmTC_70948.dir/CMakeCXXCompilerABI.cpp.o -lomp -lc++ -lSystem /usr/local/Cellar/llvm/13.0.1_1/lib/clang/13.0.1/lib/darwin/libclang_rt.osx.a
@(#)PROGRAM:ld  PROJECT:ld64-450.3
BUILD 18:16:53 Apr  5 2019
configured to support archs: armv6 armv7 armv7s arm64 arm64e arm64_32 i386 x86_64 x86_64h armv6m armv7k armv7m armv7em
Library search paths:
	/usr/local/opt/llvm/lib
	/Library/Developer/CommandLineTools/SDKs/MacOSX10.14.sdk/usr/lib
Framework search paths:
	/Library/Developer/CommandLineTools/SDKs/MacOSX10.14.sdk/System/Library/Frameworks/



Parsed CXX implicit include dir info from above output: rv=done
  found start of include info
  found start of implicit include info
    add: [/usr/local/opt/llvm/include]
    add: [/usr/local/opt/llvm/bin/../include/c++/v1]
    add: [/usr/local/Cellar/llvm/13.0.1_1/lib/clang/13.0.1/include]
    add: [/Library/Developer/CommandLineTools/SDKs/MacOSX10.14.sdk/usr/include]
  end of search list found
  collapse include dir [/usr/local/opt/llvm/include] ==> [/usr/local/opt/llvm/include]
  collapse include dir [/usr/local/opt/llvm/bin/../include/c++/v1] ==> [/usr/local/opt/llvm/include/c++/v1]
  collapse include dir [/usr/local/Cellar/llvm/13.0.1_1/lib/clang/13.0.1/include] ==> [/usr/local/Cellar/llvm/13.0.1_1/lib/clang/13.0.1/include]
  collapse include dir [/Library/Developer/CommandLineTools/SDKs/MacOSX10.14.sdk/usr/include] ==> [/Library/Developer/CommandLineTools/SDKs/MacOSX10.14.sdk/usr/include]
  implicit include dirs: [/usr/local/opt/llvm/include;/usr/local/opt/llvm/include/c++/v1;/usr/local/Cellar/llvm/13.0.1_1/lib/clang/13.0.1/include;/Library/Developer/CommandLineTools/SDKs/MacOSX10.14.sdk/usr/include]


Parsed CXX implicit link information from above output:
  link line regex: [^( *|.*[/\])(ld\.lld|CMAKE_LINK_STARTFILE-NOTFOUND|([^/\]+-)?ld|collect2)[^/\]*( |$)]
  ignore line: [Change Dir: /Users/isururanawaka/Documents/SpMM_comparision/build/CMakeFiles/CMakeTmp]
  ignore line: []
  ignore line: [Run Build Command(s):/usr/bin/make -f Makefile cmTC_70948/fast && /Library/Developer/CommandLineTools/usr/bin/make  -f CMakeFiles/cmTC_70948.dir/build.make CMakeFiles/cmTC_70948.dir/build]
  ignore line: [Building CXX object CMakeFiles/cmTC_70948.dir/CMakeCXXCompilerABI.cpp.o]
  ignore line: [/usr/local/opt/llvm/bin/clang++   -I/usr/local/opt/llvm/include -fopenmp  -isysroot /Library/Developer/CommandLineTools/SDKs/MacOSX10.14.sdk   -v -Wl -v -MD -MT CMakeFiles/cmTC_70948.dir/CMakeCXXCompilerABI.cpp.o -MF CMakeFiles/cmTC_70948.dir/CMakeCXXCompilerABI.cpp.o.d -o CMakeFiles/cmTC_70948.dir/CMakeCXXCompilerABI.cpp.o -c /usr/local/Cellar/cmake/3.23.1_1/share/cmake/Modules/CMakeCXXCompilerABI.cpp]
  ignore line: [Homebrew clang version 13.0.1]
  ignore line: [Target: x86_64-apple-darwin18.7.0]
  ignore line: [Thread model: posix]
  ignore line: [InstalledDir: /usr/local/opt/llvm/bin]
  ignore line: [clang-13: warning: -Wl -v: 'linker' input unused [-Wunused-command-line-argument]]
  ignore line: [ (in-process)]
  ignore line: [ "/usr/local/Cellar/llvm/13.0.1_1/bin/clang-13" -cc1 -triple x86_64-apple-macosx10.14.0 -Wundef-prefix=TARGET_OS_ -Werror=undef-prefix -Wdeprecated-objc-isa-usage -Werror=deprecated-objc-isa-usage -emit-obj -mrelax-all --mrelax-relocations -disable-free -disable-llvm-verifier -discard-value-names -main-file-name CMakeCXXCompilerABI.cpp -mrelocation-model pic -pic-level 2 -mframe-pointer=all -fno-rounding-math -munwind-tables -target-sdk-version=10.14 -fcompatibility-qualified-id-block-type-checking -fvisibility-inlines-hidden-static-local-var -target-cpu penryn -tune-cpu generic -debugger-tuning=lldb -target-linker-version 450.3 -v -fcoverage-compilation-dir=/Users/isururanawaka/Documents/SpMM_comparision/build/CMakeFiles/CMakeTmp -resource-dir /usr/local/Cellar/llvm/13.0.1_1/lib/clang/13.0.1 -dependency-file CMakeFiles/cmTC_70948.dir/CMakeCXXCompilerABI.cpp.o.d -MT CMakeFiles/cmTC_70948.dir/CMakeCXXCompilerABI.cpp.o -sys-header-deps -isysroot /Library/Developer/CommandLineTools/SDKs/MacOSX10.14.sdk -I /usr/local/opt/llvm/include -stdlib=libc++ -internal-isystem /usr/local/opt/llvm/bin/../include/c++/v1 -internal-isystem /Library/Developer/CommandLineTools/SDKs/MacOSX10.14.sdk/usr/local/include -internal-isystem /usr/local/Cellar/llvm/13.0.1_1/lib/clang/13.0.1/include -internal-externc-isystem /Library/Developer/CommandLineTools/SDKs/MacOSX10.14.sdk/usr/include -fdeprecated-macro -fdebug-compilation-dir=/Users/isururanawaka/Documents/SpMM_comparision/build/CMakeFiles/CMakeTmp -ferror-limit 19 -fopenmp -stack-protector 1 -fblocks -fencode-extended-block-signature -fregister-global-dtors-with-atexit -fgnuc-version=4.2.1 -fcxx-exceptions -fexceptions -fmax-type-align=16 -D__GCC_HAVE_DWARF2_CFI_ASM=1 -o CMakeFiles/cmTC_70948.dir/CMakeCXXCompilerABI.cpp.o -x c++ /usr/local/Cellar/cmake/3.23.1_1/share/cmake/Modules/CMakeCXXCompilerABI.cpp]
  ignore line: [clang -cc1 version 13.0.1 based upon LLVM 13.0.1 default target x86_64-apple-darwin18.7.0]
  ignore line: [ignoring nonexistent directory "/Library/Developer/CommandLineTools/SDKs/MacOSX10.14.sdk/usr/local/include"]
  ignore line: [ignoring nonexistent directory "/Library/Developer/CommandLineTools/SDKs/MacOSX10.14.sdk/Library/Frameworks"]
  ignore line: [#include "..." search starts here:]
  ignore line: [#include <...> search starts here:]
  ignore line: [ /usr/local/opt/llvm/include]
  ignore line: [ /usr/local/opt/llvm/bin/../include/c++/v1]
  ignore line: [ /usr/local/Cellar/llvm/13.0.1_1/lib/clang/13.0.1/include]
  ignore line: [ /Library/Developer/CommandLineTools/SDKs/MacOSX10.14.sdk/usr/include]
  ignore line: [ /Library/Developer/CommandLineTools/SDKs/MacOSX10.14.sdk/System/Library/Frameworks (framework directory)]
  ignore line: [End of search list.]
  ignore line: [Linking CXX executable cmTC_70948]
  ignore line: [/usr/local/Cellar/cmake/3.23.1_1/bin/cmake -E cmake_link_script CMakeFiles/cmTC_70948.dir/link.txt --verbose=1]
  ignore line: [/usr/local/opt/llvm/bin/clang++ -I/usr/local/opt/llvm/include -fopenmp  -isysroot /Library/Developer/CommandLineTools/SDKs/MacOSX10.14.sdk -Wl -search_paths_first -Wl -headerpad_max_install_names -L/usr/local/opt/llvm/lib -v -Wl -v CMakeFiles/cmTC_70948.dir/CMakeCXXCompilerABI.cpp.o -o cmTC_70948 ]
  ignore line: [Homebrew clang version 13.0.1]
  ignore line: [Target: x86_64-apple-darwin18.7.0]
  ignore line: [Thread model: posix]
  ignore line: [InstalledDir: /usr/local/opt/llvm/bin]
  link line: [ "/usr/bin/ld" -demangle -lto_library /usr/local/Cellar/llvm/13.0.1_1/lib/libLTO.dylib -dynamic -arch x86_64 -macosx_version_min 10.14.0 -syslibroot /Library/Developer/CommandLineTools/SDKs/MacOSX10.14.sdk -o cmTC_70948 -L/usr/local/opt/llvm/lib -search_paths_first -headerpad_max_install_names -v CMakeFiles/cmTC_70948.dir/CMakeCXXCompilerABI.cpp.o -lomp -lc++ -lSystem /usr/local/Cellar/llvm/13.0.1_1/lib/clang/13.0.1/lib/darwin/libclang_rt.osx.a]
    arg [/usr/bin/ld] ==> ignore
    arg [-demangle] ==> ignore
    arg [-lto_library] ==> ignore, skip following value
    arg [/usr/local/Cellar/llvm/13.0.1_1/lib/libLTO.dylib] ==> skip value of -lto_library
    arg [-dynamic] ==> ignore
    arg [-arch] ==> ignore
    arg [x86_64] ==> ignore
    arg [-macosx_version_min] ==> ignore
    arg [10.14.0] ==> ignore
    arg [-syslibroot] ==> ignore
    arg [/Library/Developer/CommandLineTools/SDKs/MacOSX10.14.sdk] ==> ignore
    arg [-o] ==> ignore
    arg [cmTC_70948] ==> ignore
    arg [-L/usr/local/opt/llvm/lib] ==> dir [/usr/local/opt/llvm/lib]
    arg [-search_paths_first] ==> ignore
    arg [-headerpad_max_install_names] ==> ignore
    arg [-v] ==> ignore
    arg [CMakeFiles/cmTC_70948.dir/CMakeCXXCompilerABI.cpp.o] ==> ignore
    arg [-lomp] ==> lib [omp]
    arg [-lc++] ==> lib [c++]
    arg [-lSystem] ==> lib [System]
    arg [/usr/local/Cellar/llvm/13.0.1_1/lib/clang/13.0.1/lib/darwin/libclang_rt.osx.a] ==> lib [/usr/local/Cellar/llvm/13.0.1_1/lib/clang/13.0.1/lib/darwin/libclang_rt.osx.a]
  Library search paths: [;/usr/local/opt/llvm/lib;/Library/Developer/CommandLineTools/SDKs/MacOSX10.14.sdk/usr/lib]
  Framework search paths: [;/Library/Developer/CommandLineTools/SDKs/MacOSX10.14.sdk/System/Library/Frameworks/]
  remove lib [System]
  remove lib [/usr/local/Cellar/llvm/13.0.1_1/lib/clang/13.0.1/lib/darwin/libclang_rt.osx.a]
  collapse library dir [/usr/local/opt/llvm/lib] ==> [/usr/local/opt/llvm/lib]
  collapse library dir [/usr/local/opt/llvm/lib] ==> [/usr/local/opt/llvm/lib]
  collapse library dir [/Library/Developer/CommandLineTools/SDKs/MacOSX10.14.sdk/usr/lib] ==> [/Library/Developer/CommandLineTools/SDKs/MacOSX10.14.sdk/usr/lib]
  collapse framework dir [/Library/Developer/CommandLineTools/SDKs/MacOSX10.14.sdk/System/Library/Frameworks/] ==> [/Library/Developer/CommandLineTools/SDKs/MacOSX10.14.sdk/System/Library/Frameworks]
  implicit libs: [omp;c++]
  implicit objs: []
  implicit dirs: [/usr/local/opt/llvm/lib;/Library/Developer/CommandLineTools/SDKs/MacOSX10.14.sdk/usr/lib]
  implicit fwks: [/Library/Developer/CommandLineTools/SDKs/MacOSX10.14.sdk/System/Library/Frameworks]


Detecting C OpenMP compiler ABI info compiled with the following output:
Change Dir: /Users/isururanawaka/Documents/SpMM_comparision/build/CMakeFiles/CMakeTmp

Run Build Command(s):/usr/bin/make -f Makefile cmTC_fd21a/fast && /Library/Developer/CommandLineTools/usr/bin/make  -f CMakeFiles/cmTC_fd21a.dir/build.make CMakeFiles/cmTC_fd21a.dir/build
Building C object CMakeFiles/cmTC_fd21a.dir/OpenMPTryFlag.c.o
/usr/local/opt/llvm/bin/clang   -fopenmp=libomp -v -isysroot /Library/Developer/CommandLineTools/SDKs/MacOSX10.14.sdk -MD -MT CMakeFiles/cmTC_fd21a.dir/OpenMPTryFlag.c.o -MF CMakeFiles/cmTC_fd21a.dir/OpenMPTryFlag.c.o.d -o CMakeFiles/cmTC_fd21a.dir/OpenMPTryFlag.c.o -c /Users/isururanawaka/Documents/SpMM_comparision/build/CMakeFiles/FindOpenMP/OpenMPTryFlag.c
Homebrew clang version 13.0.1
Target: x86_64-apple-darwin18.7.0
Thread model: posix
InstalledDir: /usr/local/opt/llvm/bin
 (in-process)
 "/usr/local/Cellar/llvm/13.0.1_1/bin/clang-13" -cc1 -triple x86_64-apple-macosx10.14.0 -Wundef-prefix=TARGET_OS_ -Werror=undef-prefix -Wdeprecated-objc-isa-usage -Werror=deprecated-objc-isa-usage -emit-obj -mrelax-all --mrelax-relocations -disable-free -disable-llvm-verifier -discard-value-names -main-file-name OpenMPTryFlag.c -mrelocation-model pic -pic-level 2 -mframe-pointer=all -fno-rounding-math -munwind-tables -target-sdk-version=10.14 -fcompatibility-qualified-id-block-type-checking -fvisibility-inlines-hidden-static-local-var -target-cpu penryn -tune-cpu generic -debugger-tuning=lldb -target-linker-version 450.3 -v -fcoverage-compilation-dir=/Users/isururanawaka/Documents/SpMM_comparision/build/CMakeFiles/CMakeTmp -resource-dir /usr/local/Cellar/llvm/13.0.1_1/lib/clang/13.0.1 -dependency-file CMakeFiles/cmTC_fd21a.dir/OpenMPTryFlag.c.o.d -MT CMakeFiles/cmTC_fd21a.dir/OpenMPTryFlag.c.o -sys-header-deps -isysroot /Library/Developer/CommandLineTools/SDKs/MacOSX10.14.sdk -internal-isystem /Library/Developer/CommandLineTools/SDKs/MacOSX10.14.sdk/usr/local/include -internal-isystem /usr/local/Cellar/llvm/13.0.1_1/lib/clang/13.0.1/include -internal-externc-isystem /Library/Developer/CommandLineTools/SDKs/MacOSX10.14.sdk/usr/include -fdebug-compilation-dir=/Users/isururanawaka/Documents/SpMM_comparision/build/CMakeFiles/CMakeTmp -ferror-limit 19 -fopenmp -stack-protector 1 -fblocks -fencode-extended-block-signature -fregister-global-dtors-with-atexit -fgnuc-version=4.2.1 -fmax-type-align=16 -D__GCC_HAVE_DWARF2_CFI_ASM=1 -o CMakeFiles/cmTC_fd21a.dir/OpenMPTryFlag.c.o -x c /Users/isururanawaka/Documents/SpMM_comparision/build/CMakeFiles/FindOpenMP/OpenMPTryFlag.c
clang -cc1 version 13.0.1 based upon LLVM 13.0.1 default target x86_64-apple-darwin18.7.0
ignoring nonexistent directory "/Library/Developer/CommandLineTools/SDKs/MacOSX10.14.sdk/usr/local/include"
ignoring nonexistent directory "/Library/Developer/CommandLineTools/SDKs/MacOSX10.14.sdk/Library/Frameworks"
#include "..." search starts here:
#include <...> search starts here:
 /usr/local/Cellar/llvm/13.0.1_1/lib/clang/13.0.1/include
 /Library/Developer/CommandLineTools/SDKs/MacOSX10.14.sdk/usr/include
 /Library/Developer/CommandLineTools/SDKs/MacOSX10.14.sdk/System/Library/Frameworks (framework directory)
End of search list.
Linking C executable cmTC_fd21a
/usr/local/Cellar/cmake/3.23.1_1/bin/cmake -E cmake_link_script CMakeFiles/cmTC_fd21a.dir/link.txt --verbose=1
/usr/local/opt/llvm/bin/clang  -fopenmp=libomp -v -isysroot /Library/Developer/CommandLineTools/SDKs/MacOSX10.14.sdk -Wl,-search_paths_first -Wl,-headerpad_max_install_names -L/usr/local/opt/llvm/lib  CMakeFiles/cmTC_fd21a.dir/OpenMPTryFlag.c.o -o cmTC_fd21a  -v -Wl,-v 
Homebrew clang version 13.0.1
Target: x86_64-apple-darwin18.7.0
Thread model: posix
InstalledDir: /usr/local/opt/llvm/bin
 "/usr/bin/ld" -demangle -lto_library /usr/local/Cellar/llvm/13.0.1_1/lib/libLTO.dylib -dynamic -arch x86_64 -macosx_version_min 10.14.0 -syslibroot /Library/Developer/CommandLineTools/SDKs/MacOSX10.14.sdk -o cmTC_fd21a -L/usr/local/opt/llvm/lib -search_paths_first -headerpad_max_install_names CMakeFiles/cmTC_fd21a.dir/OpenMPTryFlag.c.o -v -lomp -lSystem /usr/local/Cellar/llvm/13.0.1_1/lib/clang/13.0.1/lib/darwin/libclang_rt.osx.a
@(#)PROGRAM:ld  PROJECT:ld64-450.3
BUILD 18:16:53 Apr  5 2019
configured to support archs: armv6 armv7 armv7s arm64 arm64e arm64_32 i386 x86_64 x86_64h armv6m armv7k armv7m armv7em
Library search paths:
	/usr/local/opt/llvm/lib
	/Library/Developer/CommandLineTools/SDKs/MacOSX10.14.sdk/usr/lib
Framework search paths:
	/Library/Developer/CommandLineTools/SDKs/MacOSX10.14.sdk/System/Library/Frameworks/



Parsed C OpenMP implicit link information from above output:
  link line regex: [^( *|.*[/\])(ld\.lld|CMAKE_LINK_STARTFILE-NOTFOUND|([^/\]+-)?ld|collect2)[^/\]*( |$)]
  ignore line: [Change Dir: /Users/isururanawaka/Documents/SpMM_comparision/build/CMakeFiles/CMakeTmp]
  ignore line: []
  ignore line: [Run Build Command(s):/usr/bin/make -f Makefile cmTC_fd21a/fast && /Library/Developer/CommandLineTools/usr/bin/make  -f CMakeFiles/cmTC_fd21a.dir/build.make CMakeFiles/cmTC_fd21a.dir/build]
  ignore line: [Building C object CMakeFiles/cmTC_fd21a.dir/OpenMPTryFlag.c.o]
  ignore line: [/usr/local/opt/llvm/bin/clang   -fopenmp=libomp -v -isysroot /Library/Developer/CommandLineTools/SDKs/MacOSX10.14.sdk -MD -MT CMakeFiles/cmTC_fd21a.dir/OpenMPTryFlag.c.o -MF CMakeFiles/cmTC_fd21a.dir/OpenMPTryFlag.c.o.d -o CMakeFiles/cmTC_fd21a.dir/OpenMPTryFlag.c.o -c /Users/isururanawaka/Documents/SpMM_comparision/build/CMakeFiles/FindOpenMP/OpenMPTryFlag.c]
  ignore line: [Homebrew clang version 13.0.1]
  ignore line: [Target: x86_64-apple-darwin18.7.0]
  ignore line: [Thread model: posix]
  ignore line: [InstalledDir: /usr/local/opt/llvm/bin]
  ignore line: [ (in-process)]
  ignore line: [ "/usr/local/Cellar/llvm/13.0.1_1/bin/clang-13" -cc1 -triple x86_64-apple-macosx10.14.0 -Wundef-prefix=TARGET_OS_ -Werror=undef-prefix -Wdeprecated-objc-isa-usage -Werror=deprecated-objc-isa-usage -emit-obj -mrelax-all --mrelax-relocations -disable-free -disable-llvm-verifier -discard-value-names -main-file-name OpenMPTryFlag.c -mrelocation-model pic -pic-level 2 -mframe-pointer=all -fno-rounding-math -munwind-tables -target-sdk-version=10.14 -fcompatibility-qualified-id-block-type-checking -fvisibility-inlines-hidden-static-local-var -target-cpu penryn -tune-cpu generic -debugger-tuning=lldb -target-linker-version 450.3 -v -fcoverage-compilation-dir=/Users/isururanawaka/Documents/SpMM_comparision/build/CMakeFiles/CMakeTmp -resource-dir /usr/local/Cellar/llvm/13.0.1_1/lib/clang/13.0.1 -dependency-file CMakeFiles/cmTC_fd21a.dir/OpenMPTryFlag.c.o.d -MT CMakeFiles/cmTC_fd21a.dir/OpenMPTryFlag.c.o -sys-header-deps -isysroot /Library/Developer/CommandLineTools/SDKs/MacOSX10.14.sdk -internal-isystem /Library/Developer/CommandLineTools/SDKs/MacOSX10.14.sdk/usr/local/include -internal-isystem /usr/local/Cellar/llvm/13.0.1_1/lib/clang/13.0.1/include -internal-externc-isystem /Library/Developer/CommandLineTools/SDKs/MacOSX10.14.sdk/usr/include -fdebug-compilation-dir=/Users/isururanawaka/Documents/SpMM_comparision/build/CMakeFiles/CMakeTmp -ferror-limit 19 -fopenmp -stack-protector 1 -fblocks -fencode-extended-block-signature -fregister-global-dtors-with-atexit -fgnuc-version=4.2.1 -fmax-type-align=16 -D__GCC_HAVE_DWARF2_CFI_ASM=1 -o CMakeFiles/cmTC_fd21a.dir/OpenMPTryFlag.c.o -x c /Users/isururanawaka/Documents/SpMM_comparision/build/CMakeFiles/FindOpenMP/OpenMPTryFlag.c]
  ignore line: [clang -cc1 version 13.0.1 based upon LLVM 13.0.1 default target x86_64-apple-darwin18.7.0]
  ignore line: [ignoring nonexistent directory "/Library/Developer/CommandLineTools/SDKs/MacOSX10.14.sdk/usr/local/include"]
  ignore line: [ignoring nonexistent directory "/Library/Developer/CommandLineTools/SDKs/MacOSX10.14.sdk/Library/Frameworks"]
  ignore line: [#include "..." search starts here:]
  ignore line: [#include <...> search starts here:]
  ignore line: [ /usr/local/Cellar/llvm/13.0.1_1/lib/clang/13.0.1/include]
  ignore line: [ /Library/Developer/CommandLineTools/SDKs/MacOSX10.14.sdk/usr/include]
  ignore line: [ /Library/Developer/CommandLineTools/SDKs/MacOSX10.14.sdk/System/Library/Frameworks (framework directory)]
  ignore line: [End of search list.]
  ignore line: [Linking C executable cmTC_fd21a]
  ignore line: [/usr/local/Cellar/cmake/3.23.1_1/bin/cmake -E cmake_link_script CMakeFiles/cmTC_fd21a.dir/link.txt --verbose=1]
  ignore line: [/usr/local/opt/llvm/bin/clang  -fopenmp=libomp -v -isysroot /Library/Developer/CommandLineTools/SDKs/MacOSX10.14.sdk -Wl -search_paths_first -Wl -headerpad_max_install_names -L/usr/local/opt/llvm/lib  CMakeFiles/cmTC_fd21a.dir/OpenMPTryFlag.c.o -o cmTC_fd21a  -v -Wl -v ]
  ignore line: [Homebrew clang version 13.0.1]
  ignore line: [Target: x86_64-apple-darwin18.7.0]
  ignore line: [Thread model: posix]
  ignore line: [InstalledDir: /usr/local/opt/llvm/bin]
  link line: [ "/usr/bin/ld" -demangle -lto_library /usr/local/Cellar/llvm/13.0.1_1/lib/libLTO.dylib -dynamic -arch x86_64 -macosx_version_min 10.14.0 -syslibroot /Library/Developer/CommandLineTools/SDKs/MacOSX10.14.sdk -o cmTC_fd21a -L/usr/local/opt/llvm/lib -search_paths_first -headerpad_max_install_names CMakeFiles/cmTC_fd21a.dir/OpenMPTryFlag.c.o -v -lomp -lSystem /usr/local/Cellar/llvm/13.0.1_1/lib/clang/13.0.1/lib/darwin/libclang_rt.osx.a]
    arg [/usr/bin/ld] ==> ignore
    arg [-demangle] ==> ignore
    arg [-lto_library] ==> ignore, skip following value
    arg [/usr/local/Cellar/llvm/13.0.1_1/lib/libLTO.dylib] ==> skip value of -lto_library
    arg [-dynamic] ==> ignore
    arg [-arch] ==> ignore
    arg [x86_64] ==> ignore
    arg [-macosx_version_min] ==> ignore
    arg [10.14.0] ==> ignore
    arg [-syslibroot] ==> ignore
    arg [/Library/Developer/CommandLineTools/SDKs/MacOSX10.14.sdk] ==> ignore
    arg [-o] ==> ignore
    arg [cmTC_fd21a] ==> ignore
    arg [-L/usr/local/opt/llvm/lib] ==> dir [/usr/local/opt/llvm/lib]
    arg [-search_paths_first] ==> ignore
    arg [-headerpad_max_install_names] ==> ignore
    arg [CMakeFiles/cmTC_fd21a.dir/OpenMPTryFlag.c.o] ==> ignore
    arg [-v] ==> ignore
    arg [-lomp] ==> lib [omp]
    arg [-lSystem] ==> lib [System]
    arg [/usr/local/Cellar/llvm/13.0.1_1/lib/clang/13.0.1/lib/darwin/libclang_rt.osx.a] ==> lib [/usr/local/Cellar/llvm/13.0.1_1/lib/clang/13.0.1/lib/darwin/libclang_rt.osx.a]
  Library search paths: [;/usr/local/opt/llvm/lib;/Library/Developer/CommandLineTools/SDKs/MacOSX10.14.sdk/usr/lib]
  Framework search paths: [;/Library/Developer/CommandLineTools/SDKs/MacOSX10.14.sdk/System/Library/Frameworks/]
  remove lib [System]
  remove lib [/usr/local/Cellar/llvm/13.0.1_1/lib/clang/13.0.1/lib/darwin/libclang_rt.osx.a]
  collapse library dir [/usr/local/opt/llvm/lib] ==> [/usr/local/opt/llvm/lib]
  collapse library dir [/usr/local/opt/llvm/lib] ==> [/usr/local/opt/llvm/lib]
  collapse library dir [/Library/Developer/CommandLineTools/SDKs/MacOSX10.14.sdk/usr/lib] ==> [/Library/Developer/CommandLineTools/SDKs/MacOSX10.14.sdk/usr/lib]
  collapse framework dir [/Library/Developer/CommandLineTools/SDKs/MacOSX10.14.sdk/System/Library/Frameworks/] ==> [/Library/Developer/CommandLineTools/SDKs/MacOSX10.14.sdk/System/Library/Frameworks]
  implicit libs: [omp]
  implicit objs: []
  implicit dirs: [/usr/local/opt/llvm/lib;/Library/Developer/CommandLineTools/SDKs/MacOSX10.14.sdk/usr/lib]
  implicit fwks: [/Library/Developer/CommandLineTools/SDKs/MacOSX10.14.sdk/System/Library/Frameworks]


Detecting CXX OpenMP compiler ABI info compiled with the following output:
Change Dir: /Users/isururanawaka/Documents/SpMM_comparision/build/CMakeFiles/CMakeTmp

Run Build Command(s):/usr/bin/make -f Makefile cmTC_44f92/fast && /Library/Developer/CommandLineTools/usr/bin/make  -f CMakeFiles/cmTC_44f92.dir/build.make CMakeFiles/cmTC_44f92.dir/build
Building CXX object CMakeFiles/cmTC_44f92.dir/OpenMPTryFlag.cpp.o
/usr/local/opt/llvm/bin/clang++   -I/usr/local/opt/llvm/include -fopenmp -fopenmp=libomp -v -isysroot /Library/Developer/CommandLineTools/SDKs/MacOSX10.14.sdk -std=gnu++17 -MD -MT CMakeFiles/cmTC_44f92.dir/OpenMPTryFlag.cpp.o -MF CMakeFiles/cmTC_44f92.dir/OpenMPTryFlag.cpp.o.d -o CMakeFiles/cmTC_44f92.dir/OpenMPTryFlag.cpp.o -c /Users/isururanawaka/Documents/SpMM_comparision/build/CMakeFiles/FindOpenMP/OpenMPTryFlag.cpp
Homebrew clang version 13.0.1
Target: x86_64-apple-darwin18.7.0
Thread model: posix
InstalledDir: /usr/local/opt/llvm/bin
 (in-process)
 "/usr/local/Cellar/llvm/13.0.1_1/bin/clang-13" -cc1 -triple x86_64-apple-macosx10.14.0 -Wundef-prefix=TARGET_OS_ -Werror=undef-prefix -Wdeprecated-objc-isa-usage -Werror=deprecated-objc-isa-usage -emit-obj -mrelax-all --mrelax-relocations -disable-free -disable-llvm-verifier -discard-value-names -main-file-name OpenMPTryFlag.cpp -mrelocation-model pic -pic-level 2 -mframe-pointer=all -fno-rounding-math -munwind-tables -target-sdk-version=10.14 -fcompatibility-qualified-id-block-type-checking -fvisibility-inlines-hidden-static-local-var -target-cpu penryn -tune-cpu generic -debugger-tuning=lldb -target-linker-version 450.3 -v -fcoverage-compilation-dir=/Users/isururanawaka/Documents/SpMM_comparision/build/CMakeFiles/CMakeTmp -resource-dir /usr/local/Cellar/llvm/13.0.1_1/lib/clang/13.0.1 -dependency-file CMakeFiles/cmTC_44f92.dir/OpenMPTryFlag.cpp.o.d -MT CMakeFiles/cmTC_44f92.dir/OpenMPTryFlag.cpp.o -sys-header-deps -isysroot /Library/Developer/CommandLineTools/SDKs/MacOSX10.14.sdk -I /usr/local/opt/llvm/include -stdlib=libc++ -internal-isystem /usr/local/opt/llvm/bin/../include/c++/v1 -internal-isystem /Library/Developer/CommandLineTools/SDKs/MacOSX10.14.sdk/usr/local/include -internal-isystem /usr/local/Cellar/llvm/13.0.1_1/lib/clang/13.0.1/include -internal-externc-isystem /Library/Developer/CommandLineTools/SDKs/MacOSX10.14.sdk/usr/include -std=gnu++17 -fdeprecated-macro -fdebug-compilation-dir=/Users/isururanawaka/Documents/SpMM_comparision/build/CMakeFiles/CMakeTmp -ferror-limit 19 -fopenmp -stack-protector 1 -fblocks -fencode-extended-block-signature -fregister-global-dtors-with-atexit -fgnuc-version=4.2.1 -fcxx-exceptions -fexceptions -fmax-type-align=16 -D__GCC_HAVE_DWARF2_CFI_ASM=1 -o CMakeFiles/cmTC_44f92.dir/OpenMPTryFlag.cpp.o -x c++ /Users/isururanawaka/Documents/SpMM_comparision/build/CMakeFiles/FindOpenMP/OpenMPTryFlag.cpp
clang -cc1 version 13.0.1 based upon LLVM 13.0.1 default target x86_64-apple-darwin18.7.0
ignoring nonexistent directory "/Library/Developer/CommandLineTools/SDKs/MacOSX10.14.sdk/usr/local/include"
ignoring nonexistent directory "/Library/Developer/CommandLineTools/SDKs/MacOSX10.14.sdk/Library/Frameworks"
#include "..." search starts here:
#include <...> search starts here:
 /usr/local/opt/llvm/include
 /usr/local/opt/llvm/bin/../include/c++/v1
 /usr/local/Cellar/llvm/13.0.1_1/lib/clang/13.0.1/include
 /Library/Developer/CommandLineTools/SDKs/MacOSX10.14.sdk/usr/include
 /Library/Developer/CommandLineTools/SDKs/MacOSX10.14.sdk/System/Library/Frameworks (framework directory)
End of search list.
Linking CXX executable cmTC_44f92
/usr/local/Cellar/cmake/3.23.1_1/bin/cmake -E cmake_link_script CMakeFiles/cmTC_44f92.dir/link.txt --verbose=1
/usr/local/opt/llvm/bin/clang++ -I/usr/local/opt/llvm/include -fopenmp -fopenmp=libomp -v -isysroot /Library/Developer/CommandLineTools/SDKs/MacOSX10.14.sdk -Wl,-search_paths_first -Wl,-headerpad_max_install_names -L/usr/local/opt/llvm/lib  CMakeFiles/cmTC_44f92.dir/OpenMPTryFlag.cpp.o -o cmTC_44f92  -v -Wl,-v 
Homebrew clang version 13.0.1
Target: x86_64-apple-darwin18.7.0
Thread model: posix
InstalledDir: /usr/local/opt/llvm/bin
 "/usr/bin/ld" -demangle -lto_library /usr/local/Cellar/llvm/13.0.1_1/lib/libLTO.dylib -dynamic -arch x86_64 -macosx_version_min 10.14.0 -syslibroot /Library/Developer/CommandLineTools/SDKs/MacOSX10.14.sdk -o cmTC_44f92 -L/usr/local/opt/llvm/lib -search_paths_first -headerpad_max_install_names CMakeFiles/cmTC_44f92.dir/OpenMPTryFlag.cpp.o -v -lomp -lc++ -lSystem /usr/local/Cellar/llvm/13.0.1_1/lib/clang/13.0.1/lib/darwin/libclang_rt.osx.a
@(#)PROGRAM:ld  PROJECT:ld64-450.3
BUILD 18:16:53 Apr  5 2019
configured to support archs: armv6 armv7 armv7s arm64 arm64e arm64_32 i386 x86_64 x86_64h armv6m armv7k armv7m armv7em
Library search paths:
	/usr/local/opt/llvm/lib
	/Library/Developer/CommandLineTools/SDKs/MacOSX10.14.sdk/usr/lib
Framework search paths:
	/Library/Developer/CommandLineTools/SDKs/MacOSX10.14.sdk/System/Library/Frameworks/



Parsed CXX OpenMP implicit link information from above output:
  link line regex: [^( *|.*[/\])(ld\.lld|CMAKE_LINK_STARTFILE-NOTFOUND|([^/\]+-)?ld|collect2)[^/\]*( |$)]
  ignore line: [Change Dir: /Users/isururanawaka/Documents/SpMM_comparision/build/CMakeFiles/CMakeTmp]
  ignore line: []
  ignore line: [Run Build Command(s):/usr/bin/make -f Makefile cmTC_44f92/fast && /Library/Developer/CommandLineTools/usr/bin/make  -f CMakeFiles/cmTC_44f92.dir/build.make CMakeFiles/cmTC_44f92.dir/build]
  ignore line: [Building CXX object CMakeFiles/cmTC_44f92.dir/OpenMPTryFlag.cpp.o]
  ignore line: [/usr/local/opt/llvm/bin/clang++   -I/usr/local/opt/llvm/include -fopenmp -fopenmp=libomp -v -isysroot /Library/Developer/CommandLineTools/SDKs/MacOSX10.14.sdk -std=gnu++17 -MD -MT CMakeFiles/cmTC_44f92.dir/OpenMPTryFlag.cpp.o -MF CMakeFiles/cmTC_44f92.dir/OpenMPTryFlag.cpp.o.d -o CMakeFiles/cmTC_44f92.dir/OpenMPTryFlag.cpp.o -c /Users/isururanawaka/Documents/SpMM_comparision/build/CMakeFiles/FindOpenMP/OpenMPTryFlag.cpp]
  ignore line: [Homebrew clang version 13.0.1]
  ignore line: [Target: x86_64-apple-darwin18.7.0]
  ignore line: [Thread model: posix]
  ignore line: [InstalledDir: /usr/local/opt/llvm/bin]
  ignore line: [ (in-process)]
  ignore line: [ "/usr/local/Cellar/llvm/13.0.1_1/bin/clang-13" -cc1 -triple x86_64-apple-macosx10.14.0 -Wundef-prefix=TARGET_OS_ -Werror=undef-prefix -Wdeprecated-objc-isa-usage -Werror=deprecated-objc-isa-usage -emit-obj -mrelax-all --mrelax-relocations -disable-free -disable-llvm-verifier -discard-value-names -main-file-name OpenMPTryFlag.cpp -mrelocation-model pic -pic-level 2 -mframe-pointer=all -fno-rounding-math -munwind-tables -target-sdk-version=10.14 -fcompatibility-qualified-id-block-type-checking -fvisibility-inlines-hidden-static-local-var -target-cpu penryn -tune-cpu generic -debugger-tuning=lldb -target-linker-version 450.3 -v -fcoverage-compilation-dir=/Users/isururanawaka/Documents/SpMM_comparision/build/CMakeFiles/CMakeTmp -resource-dir /usr/local/Cellar/llvm/13.0.1_1/lib/clang/13.0.1 -dependency-file CMakeFiles/cmTC_44f92.dir/OpenMPTryFlag.cpp.o.d -MT CMakeFiles/cmTC_44f92.dir/OpenMPTryFlag.cpp.o -sys-header-deps -isysroot /Library/Developer/CommandLineTools/SDKs/MacOSX10.14.sdk -I /usr/local/opt/llvm/include -stdlib=libc++ -internal-isystem /usr/local/opt/llvm/bin/../include/c++/v1 -internal-isystem /Library/Developer/CommandLineTools/SDKs/MacOSX10.14.sdk/usr/local/include -internal-isystem /usr/local/Cellar/llvm/13.0.1_1/lib/clang/13.0.1/include -internal-externc-isystem /Library/Developer/CommandLineTools/SDKs/MacOSX10.14.sdk/usr/include -std=gnu++17 -fdeprecated-macro -fdebug-compilation-dir=/Users/isururanawaka/Documents/SpMM_comparision/build/CMakeFiles/CMakeTmp -ferror-limit 19 -fopenmp -stack-protector 1 -fblocks -fencode-extended-block-signature -fregister-global-dtors-with-atexit -fgnuc-version=4.2.1 -fcxx-exceptions -fexceptions -fmax-type-align=16 -D__GCC_HAVE_DWARF2_CFI_ASM=1 -o CMakeFiles/cmTC_44f92.dir/OpenMPTryFlag.cpp.o -x c++ /Users/isururanawaka/Documents/SpMM_comparision/build/CMakeFiles/FindOpenMP/OpenMPTryFlag.cpp]
  ignore line: [clang -cc1 version 13.0.1 based upon LLVM 13.0.1 default target x86_64-apple-darwin18.7.0]
  ignore line: [ignoring nonexistent directory "/Library/Developer/CommandLineTools/SDKs/MacOSX10.14.sdk/usr/local/include"]
  ignore line: [ignoring nonexistent directory "/Library/Developer/CommandLineTools/SDKs/MacOSX10.14.sdk/Library/Frameworks"]
  ignore line: [#include "..." search starts here:]
  ignore line: [#include <...> search starts here:]
  ignore line: [ /usr/local/opt/llvm/include]
  ignore line: [ /usr/local/opt/llvm/bin/../include/c++/v1]
  ignore line: [ /usr/local/Cellar/llvm/13.0.1_1/lib/clang/13.0.1/include]
  ignore line: [ /Library/Developer/CommandLineTools/SDKs/MacOSX10.14.sdk/usr/include]
  ignore line: [ /Library/Developer/CommandLineTools/SDKs/MacOSX10.14.sdk/System/Library/Frameworks (framework directory)]
  ignore line: [End of search list.]
  ignore line: [Linking CXX executable cmTC_44f92]
  ignore line: [/usr/local/Cellar/cmake/3.23.1_1/bin/cmake -E cmake_link_script CMakeFiles/cmTC_44f92.dir/link.txt --verbose=1]
  ignore line: [/usr/local/opt/llvm/bin/clang++ -I/usr/local/opt/llvm/include -fopenmp -fopenmp=libomp -v -isysroot /Library/Developer/CommandLineTools/SDKs/MacOSX10.14.sdk -Wl -search_paths_first -Wl -headerpad_max_install_names -L/usr/local/opt/llvm/lib  CMakeFiles/cmTC_44f92.dir/OpenMPTryFlag.cpp.o -o cmTC_44f92  -v -Wl -v ]
  ignore line: [Homebrew clang version 13.0.1]
  ignore line: [Target: x86_64-apple-darwin18.7.0]
  ignore line: [Thread model: posix]
  ignore line: [InstalledDir: /usr/local/opt/llvm/bin]
  link line: [ "/usr/bin/ld" -demangle -lto_library /usr/local/Cellar/llvm/13.0.1_1/lib/libLTO.dylib -dynamic -arch x86_64 -macosx_version_min 10.14.0 -syslibroot /Library/Developer/CommandLineTools/SDKs/MacOSX10.14.sdk -o cmTC_44f92 -L/usr/local/opt/llvm/lib -search_paths_first -headerpad_max_install_names CMakeFiles/cmTC_44f92.dir/OpenMPTryFlag.cpp.o -v -lomp -lc++ -lSystem /usr/local/Cellar/llvm/13.0.1_1/lib/clang/13.0.1/lib/darwin/libclang_rt.osx.a]
    arg [/usr/bin/ld] ==> ignore
    arg [-demangle] ==> ignore
    arg [-lto_library] ==> ignore, skip following value
    arg [/usr/local/Cellar/llvm/13.0.1_1/lib/libLTO.dylib] ==> skip value of -lto_library
    arg [-dynamic] ==> ignore
    arg [-arch] ==> ignore
    arg [x86_64] ==> ignore
    arg [-macosx_version_min] ==> ignore
    arg [10.14.0] ==> ignore
    arg [-syslibroot] ==> ignore
    arg [/Library/Developer/CommandLineTools/SDKs/MacOSX10.14.sdk] ==> ignore
    arg [-o] ==> ignore
    arg [cmTC_44f92] ==> ignore
    arg [-L/usr/local/opt/llvm/lib] ==> dir [/usr/local/opt/llvm/lib]
    arg [-search_paths_first] ==> ignore
    arg [-headerpad_max_install_names] ==> ignore
    arg [CMakeFiles/cmTC_44f92.dir/OpenMPTryFlag.cpp.o] ==> ignore
    arg [-v] ==> ignore
    arg [-lomp] ==> lib [omp]
    arg [-lc++] ==> lib [c++]
    arg [-lSystem] ==> lib [System]
    arg [/usr/local/Cellar/llvm/13.0.1_1/lib/clang/13.0.1/lib/darwin/libclang_rt.osx.a] ==> lib [/usr/local/Cellar/llvm/13.0.1_1/lib/clang/13.0.1/lib/darwin/libclang_rt.osx.a]
  Library search paths: [;/usr/local/opt/llvm/lib;/Library/Developer/CommandLineTools/SDKs/MacOSX10.14.sdk/usr/lib]
  Framework search paths: [;/Library/Developer/CommandLineTools/SDKs/MacOSX10.14.sdk/System/Library/Frameworks/]
  remove lib [System]
  remove lib [/usr/local/Cellar/llvm/13.0.1_1/lib/clang/13.0.1/lib/darwin/libclang_rt.osx.a]
  collapse library dir [/usr/local/opt/llvm/lib] ==> [/usr/local/opt/llvm/lib]
  collapse library dir [/usr/local/opt/llvm/lib] ==> [/usr/local/opt/llvm/lib]
  collapse library dir [/Library/Developer/CommandLineTools/SDKs/MacOSX10.14.sdk/usr/lib] ==> [/Library/Developer/CommandLineTools/SDKs/MacOSX10.14.sdk/usr/lib]
  collapse framework dir [/Library/Developer/CommandLineTools/SDKs/MacOSX10.14.sdk/System/Library/Frameworks/] ==> [/Library/Developer/CommandLineTools/SDKs/MacOSX10.14.sdk/System/Library/Frameworks]
  implicit libs: [omp;c++]
  implicit objs: []
  implicit dirs: [/usr/local/opt/llvm/lib;/Library/Developer/CommandLineTools/SDKs/MacOSX10.14.sdk/usr/lib]
  implicit fwks: [/Library/Developer/CommandLineTools/SDKs/MacOSX10.14.sdk/System/Library/Frameworks]


